生成启动时间为 2021/2/15 10:30:28。
     1>项目“c:\Users\17898\documents\visual studio 2010\Projects\puzzle1\puzzle1\puzzle1.vcxproj”在节点 2 上(build 个目标)。
     1>InitializeBuildStatus:
         正在对“Debug\puzzle1.unsuccessfulbuild”执行 Touch 任务。
       GenerateTargetFrameworkMonikerAttribute:
       正在跳过目标“GenerateTargetFrameworkMonikerAttribute”，因为所有输出文件相对于输入文件而言都是最新的。
       ClCompile:
         e:\VS\VC\bin\CL.exe /c /AI"C:\Program Files (x86)\Reference Assemblies\Microsoft\Framework\.NETFramework\v4.0" /Zi /clr /nologo /W3 /WX- /Od /Oy- /D WIN32 /D _DEBUG /D _UNICODE /D UNICODE /EHa /MDd /GS /fp:precise /Zc:wchar_t /Zc:forScope /Fo"Debug\\" /Fd"Debug\vc100.pdb" /TP /FU"C:\Program Files (x86)\Reference Assemblies\Microsoft\Framework\.NETFramework\v4.0\System.Core.dll" /analyze- /errorReport:prompt "..\..\..\..\..\Desktop\c++\puzzle1_请保持一致.cpp" /clr:nostdlib 
         puzzle1_请保持一致.cpp
     1>..\..\..\..\..\Desktop\c++\puzzle1_请保持一致.cpp(56): error C2143: 语法错误 : 缺少“,”(在“:”的前面)
     1>..\..\..\..\..\Desktop\c++\puzzle1_请保持一致.cpp(56): error C2530: “interval”: 必须初始化引用
     1>..\..\..\..\..\Desktop\c++\puzzle1_请保持一致.cpp(56): error C3531: “interval”: 类型包含“auto”的符号必须具有初始值设定项
     1>..\..\..\..\..\Desktop\c++\puzzle1_请保持一致.cpp(57): error C2143: 语法错误 : 缺少“;”(在“{”的前面)
     1>..\..\..\..\..\Desktop\c++\puzzle1_请保持一致.cpp(58): error C2039: “type”: 不是“System::Int32”的成员
                 c:\program files (x86)\reference assemblies\microsoft\framework\.netframework\v4.0\mscorlib.dll : 参见“System::Int32”的声明
     1>..\..\..\..\..\Desktop\c++\puzzle1_请保持一致.cpp(60): error C2039: “start”: 不是“System::Int32”的成员
                 c:\program files (x86)\reference assemblies\microsoft\framework\.netframework\v4.0\mscorlib.dll : 参见“System::Int32”的声明
     1>..\..\..\..\..\Desktop\c++\puzzle1_请保持一致.cpp(60): error C2039: “end”: 不是“System::Int32”的成员
                 c:\program files (x86)\reference assemblies\microsoft\framework\.netframework\v4.0\mscorlib.dll : 参见“System::Int32”的声明
     1>..\..\..\..\..\Desktop\c++\puzzle1_请保持一致.cpp(67): error C2552: “caps”: 不能用初始值设定项列表初始化非聚合
                 “std::vector<_Ty>”: 不聚合带基的类型
                 with
                 [
                     _Ty=char
                 ]
     1>..\..\..\..\..\Desktop\c++\puzzle1_请保持一致.cpp(68): error C2552: “caps2”: 不能用初始值设定项列表初始化非聚合
                 “std::vector<_Ty>”: 不聚合带基的类型
                 with
                 [
                     _Ty=char
                 ]
     1>已完成生成项目“c:\Users\17898\documents\visual studio 2010\Projects\puzzle1\puzzle1\puzzle1.vcxproj”(build 个目标)的操作 - 失败。

生成失败。

已用时间 00:00:00.37
